<?xml version="1.0" encoding="UTF-8"?>
<!-- Generated by org.testng.reporters.JUnitXMLReporter -->
<testsuite hostname="LAPTOP-KF51IQR9" name="Default test" tests="1" failures="0" timestamp="4 Sep 2019 14:48:24 GMT" time="0.032" errors="0">
  <testcase name="@BeforeSuite beforeSuite" time="0.0" classname="suiteListenerExample.Testclass">
    <failure type="org.testng.TestNGException" message="
Parameter &amp;apos;ui&amp;apos; is required by @Configuration on method beforeSuite but has not been marked @Optional or defined
in C:\Users\neeraj\AppData\Local\Temp\testng-eclipse-903680989\testng-customsuite.xml">
      <![CDATA[org.testng.TestNGException: 
Parameter 'ui' is required by @Configuration on method beforeSuite but has not been marked @Optional or defined
in C:\Users\neeraj\AppData\Local\Temp\testng-eclipse-903680989\testng-customsuite.xml
	at org.testng.internal.Parameters.createParameters(Parameters.java:154)
	at org.testng.internal.Parameters.createParameters(Parameters.java:361)
	at org.testng.internal.Parameters.createConfigurationParameters(Parameters.java:84)
	at org.testng.internal.Invoker.invokeConfigurations(Invoker.java:201)
	at org.testng.internal.Invoker.invokeConfigurations(Invoker.java:142)
	at org.testng.SuiteRunner.privateRun(SuiteRunner.java:305)
	at org.testng.SuiteRunner.run(SuiteRunner.java:268)
	at org.testng.SuiteRunnerWorker.runSuite(SuiteRunnerWorker.java:52)
	at org.testng.SuiteRunnerWorker.run(SuiteRunnerWorker.java:86)
	at org.testng.TestNG.runSuitesSequentially(TestNG.java:1244)
	at org.testng.TestNG.runSuitesLocally(TestNG.java:1169)
	at org.testng.TestNG.run(TestNG.java:1064)
	at org.testng.remote.RemoteTestNG.run(RemoteTestNG.java:113)
	at org.testng.remote.RemoteTestNG.initAndRun(RemoteTestNG.java:206)
	at org.testng.remote.RemoteTestNG.main(RemoteTestNG.java:177)
]]>
    </failure>
  </testcase> <!-- @BeforeSuite beforeSuite -->
  <testcase name="t" time="0.005" classname="suiteListenerExample.Testclass">
    <skipped/>
  </testcase> <!-- t -->
</testsuite> <!-- Default test -->
