<?xml version="1.0" encoding="UTF-8"?>
<testng-results skipped="0" failed="0" total="1" passed="1">
  <reporter-output>
  </reporter-output>
  <suite name="Suite" duration-ms="30" started-at="2019-09-18T07:01:48Z" finished-at="2019-09-18T07:01:48Z">
    <groups>
    </groups>
    <test name="Test" duration-ms="30" started-at="2019-09-18T07:01:48Z" finished-at="2019-09-18T07:01:48Z">
      <class name="suiteListenerExample.Testclass">
        <test-method status="PASS" signature="beforeSuite(java.lang.String)[pri:0, instance:suiteListenerExample.Testclass@19bb089b]" name="beforeSuite" is-config="true" duration-ms="29" started-at="2019-09-18T12:31:48Z" finished-at="2019-09-18T12:31:48Z">
          <params>
            <param index="0">
              <value>
                <![CDATA[web]]>
              </value>
            </param>
          </params>
          <reporter-output>
          </reporter-output>
        </test-method> <!-- beforeSuite -->
        <test-method status="PASS" signature="t()[pri:0, instance:suiteListenerExample.Testclass@19bb089b]" name="t" duration-ms="7" started-at="2019-09-18T12:31:48Z" finished-at="2019-09-18T12:31:48Z">
          <reporter-output>
          </reporter-output>
        </test-method> <!-- t -->
        <test-method status="PASS" signature="afterSuite()[pri:0, instance:suiteListenerExample.Testclass@19bb089b]" name="afterSuite" is-config="true" duration-ms="0" started-at="2019-09-18T12:31:48Z" finished-at="2019-09-18T12:31:48Z">
          <reporter-output>
          </reporter-output>
        </test-method> <!-- afterSuite -->
      </class> <!-- suiteListenerExample.Testclass -->
    </test> <!-- Test -->
  </suite> <!-- Suite -->
</testng-results>
